<?xml version="1.0" encoding="UTF-8" ?>
<testsuite failures="0" time="0.016" errors="0" skipped="0" tests="3" name="net.sam_solutions.courses.dkrauchanka.dao_impl_hibernate.TestRoleDAOImplHibernate">
  <properties>
    <property name="java.runtime.name" value="Java(TM) SE Runtime Environment"/>
    <property name="sun.boot.library.path" value="C:\Program Files\Java\jdk1.6.0_26\jre\bin"/>
    <property name="java.vm.version" value="20.1-b02"/>
    <property name="java.vm.vendor" value="Sun Microsystems Inc."/>
    <property name="java.vendor.url" value="http://java.sun.com/"/>
    <property name="path.separator" value=";"/>
    <property name="java.vm.name" value="Java HotSpot(TM) Client VM"/>
    <property name="file.encoding.pkg" value="sun.io"/>
    <property name="user.country" value="RU"/>
    <property name="sun.java.launcher" value="SUN_STANDARD"/>
    <property name="sun.os.patch.level" value="Service Pack 3"/>
    <property name="java.vm.specification.name" value="Java Virtual Machine Specification"/>
    <property name="user.dir" value="F:\courses1\backend"/>
    <property name="java.runtime.version" value="1.6.0_26-b03"/>
    <property name="java.awt.graphicsenv" value="sun.awt.Win32GraphicsEnvironment"/>
    <property name="basedir" value="F:\courses1\backend"/>
    <property name="java.endorsed.dirs" value="C:\Program Files\Java\jdk1.6.0_26\jre\lib\endorsed"/>
    <property name="os.arch" value="x86"/>
    <property name="surefire.real.class.path" value="C:\DOCUME~1\kda\LOCALS~1\Temp\surefirebooter6005713585289442188.jar"/>
    <property name="java.io.tmpdir" value="C:\DOCUME~1\kda\LOCALS~1\Temp\"/>
    <property name="line.separator" value="
"/>
    <property name="java.vm.specification.vendor" value="Sun Microsystems Inc."/>
    <property name="user.variant" value=""/>
    <property name="os.name" value="Windows XP"/>
    <property name="sun.jnu.encoding" value="Cp1251"/>
    <property name="java.library.path" value="C:\Program Files\Java\jdk1.6.0_26\jre\bin;C:\WINDOWS\Sun\Java\bin;C:\WINDOWS\system32;C:\WINDOWS;C:\WINDOWS\system32;C:\WINDOWS;C:\WINDOWS\System32\Wbem;C:\WINDOWS\system32\WindowsPowerShell\v1.0;c:\Program Files\Microsoft SQL Server\100\Tools\Binn\;c:\Program Files\Microsoft SQL Server\100\DTS\Binn\;c:\Program Files\Microsoft SQL Server\100\Tools\Binn\VSShell\Common7\IDE\;C:\Program Files\Microsoft Visual Studio 9.0\Common7\IDE\PrivateAssemblies\;C:\maven\apache-maven-2.2.1\bin;C:\Program Files\Java\jdk1.6.0_26\bin; C:\Program Files\Git\bin;."/>
    <property name="surefire.test.class.path" value="F:\courses1\backend\target\test-classes;F:\courses1\backend\target\classes;C:\Documents and Settings\kda\.m2\repository\javax\persistence\persistence-api\1.0\persistence-api-1.0.jar;C:\Documents and Settings\kda\.m2\repository\org\apache\wicket\wicket-core\1.5.3\wicket-core-1.5.3.jar;C:\Documents and Settings\kda\.m2\repository\org\apache\wicket\wicket-util\1.5.3\wicket-util-1.5.3.jar;C:\Documents and Settings\kda\.m2\repository\org\slf4j\slf4j-api\1.5.10\slf4j-api-1.5.10.jar;C:\Documents and Settings\kda\.m2\repository\org\apache\wicket\wicket-request\1.5.3\wicket-request-1.5.3.jar;C:\Documents and Settings\kda\.m2\repository\org\hibernate\hibernate-core\3.5.0-Final\hibernate-core-3.5.0-Final.jar;C:\Documents and Settings\kda\.m2\repository\antlr\antlr\2.7.6\antlr-2.7.6.jar;C:\Documents and Settings\kda\.m2\repository\commons-collections\commons-collections\3.1\commons-collections-3.1.jar;C:\Documents and Settings\kda\.m2\repository\dom4j\dom4j\1.6.1\dom4j-1.6.1.jar;C:\Documents and Settings\kda\.m2\repository\xml-apis\xml-apis\1.0.b2\xml-apis-1.0.b2.jar;C:\Documents and Settings\kda\.m2\repository\javax\transaction\jta\1.1\jta-1.1.jar;C:\Documents and Settings\kda\.m2\repository\org\hibernate\hibernate-annotations\3.5.0-Final\hibernate-annotations-3.5.0-Final.jar;C:\Documents and Settings\kda\.m2\repository\org\hibernate\hibernate-commons-annotations\3.2.0.Final\hibernate-commons-annotations-3.2.0.Final.jar;C:\Documents and Settings\kda\.m2\repository\org\hibernate\javax\persistence\hibernate-jpa-2.0-api\1.0.0.Final\hibernate-jpa-2.0-api-1.0.0.Final.jar;C:\Documents and Settings\kda\.m2\repository\org\hibernate\hibernate-entitymanager\3.5.0-Final\hibernate-entitymanager-3.5.0-Final.jar;C:\Documents and Settings\kda\.m2\repository\cglib\cglib\2.2\cglib-2.2.jar;C:\Documents and Settings\kda\.m2\repository\asm\asm\3.1\asm-3.1.jar;C:\Documents and Settings\kda\.m2\repository\javassist\javassist\3.9.0.GA\javassist-3.9.0.GA.jar;C:\Documents and Settings\kda\.m2\repository\junit\junit\4.7\junit-4.7.jar;C:\Documents and Settings\kda\.m2\repository\org\slf4j\jcl-over-slf4j\1.5.10\jcl-over-slf4j-1.5.10.jar;C:\Documents and Settings\kda\.m2\repository\org\slf4j\slf4j-log4j12\1.5.10\slf4j-log4j12-1.5.10.jar;C:\Documents and Settings\kda\.m2\repository\log4j\log4j\1.2.12\log4j-1.2.12.jar;C:\Documents and Settings\kda\.m2\repository\commons-dbcp\commons-dbcp\1.2.2\commons-dbcp-1.2.2.jar;C:\Documents and Settings\kda\.m2\repository\commons-pool\commons-pool\1.3\commons-pool-1.3.jar;C:\Documents and Settings\kda\.m2\repository\mysql\mysql-connector-java\5.1.6\mysql-connector-java-5.1.6.jar;C:\Documents and Settings\kda\.m2\repository\org\hsqldb\hsqldb\2.0.0\hsqldb-2.0.0.jar;"/>
    <property name="java.specification.name" value="Java Platform API Specification"/>
    <property name="java.class.version" value="50.0"/>
    <property name="sun.management.compiler" value="HotSpot Client Compiler"/>
    <property name="os.version" value="5.1"/>
    <property name="user.home" value="C:\Documents and Settings\kda"/>
    <property name="user.timezone" value="America/Caracas"/>
    <property name="java.awt.printerjob" value="sun.awt.windows.WPrinterJob"/>
    <property name="java.specification.version" value="1.6"/>
    <property name="file.encoding" value="Cp1251"/>
    <property name="user.name" value="kda"/>
    <property name="java.class.path" value="F:\courses1\backend\target\test-classes;F:\courses1\backend\target\classes;C:\Documents and Settings\kda\.m2\repository\javax\persistence\persistence-api\1.0\persistence-api-1.0.jar;C:\Documents and Settings\kda\.m2\repository\org\apache\wicket\wicket-core\1.5.3\wicket-core-1.5.3.jar;C:\Documents and Settings\kda\.m2\repository\org\apache\wicket\wicket-util\1.5.3\wicket-util-1.5.3.jar;C:\Documents and Settings\kda\.m2\repository\org\slf4j\slf4j-api\1.5.10\slf4j-api-1.5.10.jar;C:\Documents and Settings\kda\.m2\repository\org\apache\wicket\wicket-request\1.5.3\wicket-request-1.5.3.jar;C:\Documents and Settings\kda\.m2\repository\org\hibernate\hibernate-core\3.5.0-Final\hibernate-core-3.5.0-Final.jar;C:\Documents and Settings\kda\.m2\repository\antlr\antlr\2.7.6\antlr-2.7.6.jar;C:\Documents and Settings\kda\.m2\repository\commons-collections\commons-collections\3.1\commons-collections-3.1.jar;C:\Documents and Settings\kda\.m2\repository\dom4j\dom4j\1.6.1\dom4j-1.6.1.jar;C:\Documents and Settings\kda\.m2\repository\xml-apis\xml-apis\1.0.b2\xml-apis-1.0.b2.jar;C:\Documents and Settings\kda\.m2\repository\javax\transaction\jta\1.1\jta-1.1.jar;C:\Documents and Settings\kda\.m2\repository\org\hibernate\hibernate-annotations\3.5.0-Final\hibernate-annotations-3.5.0-Final.jar;C:\Documents and Settings\kda\.m2\repository\org\hibernate\hibernate-commons-annotations\3.2.0.Final\hibernate-commons-annotations-3.2.0.Final.jar;C:\Documents and Settings\kda\.m2\repository\org\hibernate\javax\persistence\hibernate-jpa-2.0-api\1.0.0.Final\hibernate-jpa-2.0-api-1.0.0.Final.jar;C:\Documents and Settings\kda\.m2\repository\org\hibernate\hibernate-entitymanager\3.5.0-Final\hibernate-entitymanager-3.5.0-Final.jar;C:\Documents and Settings\kda\.m2\repository\cglib\cglib\2.2\cglib-2.2.jar;C:\Documents and Settings\kda\.m2\repository\asm\asm\3.1\asm-3.1.jar;C:\Documents and Settings\kda\.m2\repository\javassist\javassist\3.9.0.GA\javassist-3.9.0.GA.jar;C:\Documents and Settings\kda\.m2\repository\junit\junit\4.7\junit-4.7.jar;C:\Documents and Settings\kda\.m2\repository\org\slf4j\jcl-over-slf4j\1.5.10\jcl-over-slf4j-1.5.10.jar;C:\Documents and Settings\kda\.m2\repository\org\slf4j\slf4j-log4j12\1.5.10\slf4j-log4j12-1.5.10.jar;C:\Documents and Settings\kda\.m2\repository\log4j\log4j\1.2.12\log4j-1.2.12.jar;C:\Documents and Settings\kda\.m2\repository\commons-dbcp\commons-dbcp\1.2.2\commons-dbcp-1.2.2.jar;C:\Documents and Settings\kda\.m2\repository\commons-pool\commons-pool\1.3\commons-pool-1.3.jar;C:\Documents and Settings\kda\.m2\repository\mysql\mysql-connector-java\5.1.6\mysql-connector-java-5.1.6.jar;C:\Documents and Settings\kda\.m2\repository\org\hsqldb\hsqldb\2.0.0\hsqldb-2.0.0.jar;"/>
    <property name="java.vm.specification.version" value="1.0"/>
    <property name="sun.arch.data.model" value="32"/>
    <property name="java.home" value="C:\Program Files\Java\jdk1.6.0_26\jre"/>
    <property name="sun.java.command" value="C:\DOCUME~1\kda\LOCALS~1\Temp\surefirebooter6005713585289442188.jar C:\DOCUME~1\kda\LOCALS~1\Temp\surefire4528345364968496080tmp C:\DOCUME~1\kda\LOCALS~1\Temp\surefire4526999174082076560tmp"/>
    <property name="java.specification.vendor" value="Sun Microsystems Inc."/>
    <property name="user.language" value="ru"/>
    <property name="awt.toolkit" value="sun.awt.windows.WToolkit"/>
    <property name="java.vm.info" value="mixed mode, sharing"/>
    <property name="java.version" value="1.6.0_26"/>
    <property name="java.ext.dirs" value="C:\Program Files\Java\jdk1.6.0_26\jre\lib\ext;C:\WINDOWS\Sun\Java\lib\ext"/>
    <property name="sun.boot.class.path" value="C:\Program Files\Java\jdk1.6.0_26\jre\lib\resources.jar;C:\Program Files\Java\jdk1.6.0_26\jre\lib\rt.jar;C:\Program Files\Java\jdk1.6.0_26\jre\lib\sunrsasign.jar;C:\Program Files\Java\jdk1.6.0_26\jre\lib\jsse.jar;C:\Program Files\Java\jdk1.6.0_26\jre\lib\jce.jar;C:\Program Files\Java\jdk1.6.0_26\jre\lib\charsets.jar;C:\Program Files\Java\jdk1.6.0_26\jre\lib\modules\jdk.boot.jar;C:\Program Files\Java\jdk1.6.0_26\jre\classes"/>
    <property name="java.vendor" value="Sun Microsystems Inc."/>
    <property name="localRepository" value="C:\Documents and Settings\kda\.m2\repository"/>
    <property name="file.separator" value="\"/>
    <property name="java.vendor.url.bug" value="http://java.sun.com/cgi-bin/bugreport.cgi"/>
    <property name="sun.cpu.endian" value="little"/>
    <property name="sun.io.unicode.encoding" value="UnicodeLittle"/>
    <property name="sun.desktop" value="windows"/>
    <property name="sun.cpu.isalist" value=""/>
  </properties>
  <testcase time="0" classname="net.sam_solutions.courses.dkrauchanka.dao_impl_hibernate.TestRoleDAOImplHibernate" name="testAdding"/>
  <testcase time="0" classname="net.sam_solutions.courses.dkrauchanka.dao_impl_hibernate.TestRoleDAOImplHibernate" name="removingRole"/>
  <testcase time="0" classname="net.sam_solutions.courses.dkrauchanka.dao_impl_hibernate.TestRoleDAOImplHibernate" name="updatingRole"/>
</testsuite>